==START class tests.MultTest
str: 630.00
tva_ar11: 5.0
 prix_unitaire1: 15.00
quantité2: 40.0
prix_Double: 630.0
expectedprixavectaxe1: 660.0
	junit.framework.AssertionFailedError: le prix avec taxe est correct expected:<630.0> but was:<660.0>
	class tests.MultTest: test FAILED
==END class tests.MultTest

==START class tests.AddTest
	org.openqa.selenium.NoSuchElementException: Cannot locate an element using id=username
For documentation on this error, please visit: https://www.seleniumhq.org/exceptions/no_such_element.html
Build info: version: '3.141.59', revision: 'e82be7d358', time: '2018-11-14T08:25:48'
System info: host: 'KHOULOUD', ip: '127.0.0.1', os.name: 'Windows 10', os.arch: 'amd64', os.version: '10.0', java.version: '1.8.0_161'
Driver info: driver.version: RemoteWebDriver
	class tests.AddTest: test FAILED
==END class tests.AddTest

